{"level":"info","message":"Database connected!"}
{"level":"info","message":"Server listening port 3000"}
{"level":"info","message":"Database connected!"}
{"level":"info","message":"Server listening port 3000"}
{"level":"info","message":"Usuario logueado: ale "}
{"level":"info","message":"Usuario deslogueado "}
{"level":"info","message":"Database connected!"}
{"level":"info","message":"Server listening port 3000"}
{"level":"info","message":"Database connected!"}
{"level":"info","message":"Server listening port 3000"}
{"level":"error","message":"Invalid credentials"}
{"level":"info","message":"Database connected!"}
{"level":"info","message":"Server listening port 3000"}
{"level":"info","message":"Database connected!"}
{"level":"info","message":"Server listening port 3000"}
{"level":"info","message":"Database connected!"}
{"level":"info","message":"Server listening port 3000"}
{"level":"error","message":"Invalid credentials"}
{"level":"error","message":"El usuario ya existe"}
{"level":"error","message":"Error en el registro"}
{"level":"info","message":"Usuario logueado: nacho "}
{"level":"info","message":"Usuario deslogueado "}
{"level":"info","message":"Database connected!"}
{"level":"info","message":"Server listening port 3000"}
{"level":"info","message":"Usuario creado: pedro"}
{"level":"info","message":"Usuario logueado: pedro "}
{"level":"info","message":"Usuario deslogueado "}
{"level":"info","message":"Database connected!"}
{"level":"info","message":"Server listening port 3000"}
{"level":"error","message":"Invalid credentials"}
{"level":"info","message":"Database connected!"}
{"level":"info","message":"Server listening port 3000"}
{"level":"info","message":"Database connected!"}
{"level":"info","message":"Server listening port 3000"}
{"level":"info","message":"Usuario logueado: ale "}
{"level":"info","message":"Usuario deslogueado "}
{"level":"error","message":"Invalid credentials"}
{"level":"info","message":"Database connected!"}
{"level":"info","message":"Server listening port 3000"}
{"level":"error","message":"Invalid credentials"}
{"level":"info","message":"Database connected!"}
{"level":"info","message":"Server listening port 3000"}
{"level":"info","message":"Usuario logueado: ale "}
{"level":"info","message":"Usuario deslogueado "}
{"level":"info","message":"Database connected!"}
{"level":"info","message":"Server listening port 3000"}
{"level":"error","message":"Invalid credentials"}
{"level":"error","message":"El usuario ya existe"}
{"level":"error","message":"Error en el registro"}
{"level":"info","message":"Usuario creado: romina"}
{"level":"info","message":"Usuario logueado: romina "}
{"level":"info","message":"Usuario deslogueado "}
{"level":"error","message":"Invalid credentials"}
{"level":"info","message":"Usuario logueado: romina "}
{"level":"info","message":"Usuario deslogueado "}
{"level":"info","message":"Database connected!"}
{"level":"info","message":"Server listening port 3000"}
{"level":"error","message":"Invalid credentials"}
{"level":"error","message":"Error 404"}
{"level":"error","message":"Error 404"}
{"level":"info","message":"Usuario logueado: ale "}
{"level":"error","message":"Error 404"}
{"level":"info","message":"Usuario deslogueado "}
{"level":"error","message":"Error 404"}
{"level":"error","message":"Error 404"}
{"level":"info","message":"Database connected!"}
{"level":"info","message":"Server listening port 3000"}
{"level":"info","message":"Database connected!"}
{"level":"info","message":"Server listening port 3000"}
{"level":"info","message":"Database connected!"}
{"level":"info","message":"Server listening port 3000"}
{"level":"info","message":"Usuario deslogueado "}
{"level":"info","message":"Usuario deslogueado "}
{"level":"info","message":"Database connected!"}
{"level":"info","message":"Server listening port 3000"}
{"level":"info","message":"Database connected!"}
{"level":"info","message":"Server listening port 3000"}
{"level":"info","message":"Database connected!"}
{"level":"info","message":"Server listening port 3000"}
{"level":"error","message":"Error 404"}
{"level":"error","message":"Error 404"}
{"level":"error","message":"Error 404"}
{"level":"error","message":"Error 404"}
{"level":"error","message":"Error 404"}
{"level":"error","message":"Error 404"}
{"level":"error","message":"Error 404"}
{"level":"error","message":"Error 404"}
{"level":"error","message":"Invalid credentials"}
{"level":"error","message":"Error 404"}
{"level":"error","message":"Error 404"}
{"level":"info","message":"Database connected!"}
{"level":"info","message":"Server listening port 3000"}
{"level":"error","message":"Invalid credentials"}
{"level":"error","message":"Error 404"}
{"level":"error","message":"Error 404"}
{"level":"error","message":"Invalid credentials"}
{"level":"error","message":"Error 404"}
{"level":"error","message":"Error 404"}
{"level":"error","message":"Error 404"}
{"level":"error","message":"Error 404"}
{"level":"info","message":"Database connected!"}
{"level":"info","message":"Server listening port 3000"}
{"level":"info","message":"Database connected!"}
{"level":"info","message":"Server listening port 3000"}
{"level":"info","message":"Database connected!"}
{"level":"info","message":"Server listening port 8080"}
{"level":"info","message":"Database connected!"}
{"level":"info","message":"Server listening port 8080"}
{"level":"info","message":"Database connected!"}
{"level":"info","message":"Database connected!"}
{"level":"info","message":"Database connected!"}
{"level":"info","message":"Server listening port 8080"}
{"level":"info","message":"Database connected!"}
{"level":"info","message":"Server listening port 8080"}
{"level":"info","message":"Database connected!"}
{"level":"info","message":"Server listening port 8080"}
{"level":"info","message":"Database connected!"}
{"level":"info","message":"Server listening port 3000"}
{"level":"error","message":"Error 404"}
{"level":"error","message":"Error 404"}
{"level":"info","message":"Database connected!"}
{"level":"info","message":"Server listening port 8080"}
{"level":"info","message":"Database connected!"}
{"level":"info","message":"Server listening port 8081"}
{"level":"error","message":"Error 404"}
{"level":"error","message":"Error 404"}
{"level":"info","message":"Usuario logueado: ale "}
{"level":"error","message":"Error 404"}
{"level":"info","message":"Usuario deslogueado "}
{"level":"error","message":"Error 404"}
{"level":"error","message":"Error 404"}
{"level":"info","message":"Database connected!"}
{"level":"info","message":"Server listening port 8081"}
{"level":"info","message":"Database connected!"}
{"level":"info","message":"Server listening port 8081"}
