{"level":50,"time":1678414548545,"pid":2142,"hostname":"iMacdealejandro.fibertel.com.ar","msg":"Error 404"}
{"level":50,"time":1678414575462,"pid":2142,"hostname":"iMacdealejandro.fibertel.com.ar","msg":"Error 404"}
{"level":50,"time":1678414727812,"pid":2208,"hostname":"iMacdealejandro.fibertel.com.ar","msg":"Error 404"}
{"level":50,"time":1678414772989,"pid":2208,"hostname":"iMacdealejandro.fibertel.com.ar","msg":"Error 404"}
{"level":50,"time":1678414773448,"pid":2208,"hostname":"iMacdealejandro.fibertel.com.ar","msg":"Error 404"}
{"level":50,"time":1678414793163,"pid":2208,"hostname":"iMacdealejandro.fibertel.com.ar","msg":"Error 404"}
{"level":50,"time":1678414806664,"pid":2208,"hostname":"iMacdealejandro.fibertel.com.ar","msg":"Error 404"}
{"level":50,"time":1678414806677,"pid":2208,"hostname":"iMacdealejandro.fibertel.com.ar","msg":"Error 404"}
{"level":50,"time":1678415478833,"pid":2297,"hostname":"iMacdealejandro.fibertel.com.ar","msg":"Error 404"}
{"level":50,"time":1678415478925,"pid":2297,"hostname":"iMacdealejandro.fibertel.com.ar","msg":"Error 404"}
{"level":50,"time":1678415484108,"pid":2297,"hostname":"iMacdealejandro.fibertel.com.ar","msg":"Error 404"}
{"level":50,"time":1678415484192,"pid":2297,"hostname":"iMacdealejandro.fibertel.com.ar","msg":"Error 404"}
{"level":50,"time":1678415486782,"pid":2297,"hostname":"iMacdealejandro.fibertel.com.ar","msg":"Error 404"}
{"level":50,"time":1678415486819,"pid":2297,"hostname":"iMacdealejandro.fibertel.com.ar","msg":"Error 404"}
{"level":50,"time":1678415533248,"pid":2297,"hostname":"iMacdealejandro.fibertel.com.ar","msg":"Invalid credentials"}
{"level":50,"time":1678415551418,"pid":2297,"hostname":"iMacdealejandro.fibertel.com.ar","msg":"Error 404"}
{"level":50,"time":1678415551430,"pid":2297,"hostname":"iMacdealejandro.fibertel.com.ar","msg":"Error 404"}
{"level":50,"time":1678415582935,"pid":2297,"hostname":"iMacdealejandro.fibertel.com.ar","msg":"Error 404"}
{"level":50,"time":1678415583016,"pid":2297,"hostname":"iMacdealejandro.fibertel.com.ar","msg":"Error 404"}
{"level":50,"time":1678415585564,"pid":2297,"hostname":"iMacdealejandro.fibertel.com.ar","msg":"Error 404"}
{"level":50,"time":1678415585582,"pid":2297,"hostname":"iMacdealejandro.fibertel.com.ar","msg":"Error 404"}
{"level":50,"time":1678415665986,"pid":2366,"hostname":"iMacdealejandro.fibertel.com.ar","msg":"Error 4044"}
{"level":50,"time":1678415666010,"pid":2366,"hostname":"iMacdealejandro.fibertel.com.ar","msg":"Error 4044"}
{"level":50,"time":1678416709174,"pid":2500,"hostname":"iMacdealejandro.fibertel.com.ar","msg":"Error 4044"}
{"level":50,"time":1678416731701,"pid":2512,"hostname":"iMacdealejandro.fibertel.com.ar","msg":"Error 4044"}
{"level":50,"time":1679456507786,"pid":3709,"hostname":"iMac-de-alejandro.local","msg":"Error 4044"}
{"level":50,"time":1679456507988,"pid":3709,"hostname":"iMac-de-alejandro.local","msg":"Error 4044"}
{"level":50,"time":1679456516226,"pid":3709,"hostname":"iMac-de-alejandro.local","msg":"Invalid credentials"}
{"level":50,"time":1679456530716,"pid":3709,"hostname":"iMac-de-alejandro.local","msg":"Error 4044"}
{"level":50,"time":1679456530729,"pid":3709,"hostname":"iMac-de-alejandro.local","msg":"Error 4044"}
{"level":50,"time":1679456536726,"pid":3709,"hostname":"iMac-de-alejandro.local","msg":"Invalid credentials"}
{"level":50,"time":1679456548894,"pid":3709,"hostname":"iMac-de-alejandro.local","msg":"Error 4044"}
{"level":50,"time":1679456548934,"pid":3709,"hostname":"iMac-de-alejandro.local","msg":"Error 4044"}
{"level":50,"time":1679456550495,"pid":3709,"hostname":"iMac-de-alejandro.local","msg":"Error 4044"}
{"level":50,"time":1679456550509,"pid":3709,"hostname":"iMac-de-alejandro.local","msg":"Error 4044"}
{"level":50,"time":1679456564557,"pid":3709,"hostname":"iMac-de-alejandro.local","msg":"Error 4044"}
{"level":50,"time":1679456568599,"pid":3709,"hostname":"iMac-de-alejandro.local","msg":"Error 4044"}
{"level":50,"time":1679456568622,"pid":3709,"hostname":"iMac-de-alejandro.local","msg":"Error 4044"}
{"level":50,"time":1679456573511,"pid":3709,"hostname":"iMac-de-alejandro.local","msg":"Error 4044"}
{"level":50,"time":1679456576090,"pid":3709,"hostname":"iMac-de-alejandro.local","msg":"Error 4044"}
{"level":50,"time":1679456576101,"pid":3709,"hostname":"iMac-de-alejandro.local","msg":"Error 4044"}
{"level":50,"time":1679456838859,"pid":3709,"hostname":"iMac-de-alejandro.local","msg":"Error 4044"}
{"level":50,"time":1679456838869,"pid":3709,"hostname":"iMac-de-alejandro.local","msg":"Error 4044"}
{"level":50,"time":1679509366439,"pid":1776,"hostname":"iMacdealejandro.fibertel.com.ar","msg":"Error 4044"}
{"level":50,"time":1679509370109,"pid":1776,"hostname":"iMacdealejandro.fibertel.com.ar","msg":"Error 4044"}
{"level":50,"time":1679509370871,"pid":1776,"hostname":"iMacdealejandro.fibertel.com.ar","msg":"Error 4044"}
{"level":50,"time":1679509376310,"pid":1776,"hostname":"iMacdealejandro.fibertel.com.ar","msg":"Error 4044"}
{"level":50,"time":1679509390295,"pid":1776,"hostname":"iMacdealejandro.fibertel.com.ar","msg":"Error 4044"}
{"level":50,"time":1679509396323,"pid":1776,"hostname":"iMacdealejandro.fibertel.com.ar","msg":"Error 4044"}
{"level":50,"time":1679509405403,"pid":1776,"hostname":"iMacdealejandro.fibertel.com.ar","msg":"Error 4044"}
{"level":50,"time":1679509405417,"pid":1776,"hostname":"iMacdealejandro.fibertel.com.ar","msg":"Error 4044"}
{"level":50,"time":1679510156588,"pid":1941,"hostname":"iMacdealejandro.fibertel.com.ar","msg":"Error 4044"}
{"level":50,"time":1679510156883,"pid":1941,"hostname":"iMacdealejandro.fibertel.com.ar","msg":"Error 4044"}
{"level":50,"time":1679510165331,"pid":1941,"hostname":"iMacdealejandro.fibertel.com.ar","msg":"Error 4044"}
{"level":50,"time":1679510694611,"pid":1987,"hostname":"iMacdealejandro.fibertel.com.ar","msg":"Error 4044"}
{"level":50,"time":1679510694645,"pid":1987,"hostname":"iMacdealejandro.fibertel.com.ar","msg":"Error 4044"}
{"level":50,"time":1679511416858,"pid":2130,"hostname":"iMacdealejandro.fibertel.com.ar","msg":"Error 4044"}
{"level":50,"time":1679511416886,"pid":2130,"hostname":"iMacdealejandro.fibertel.com.ar","msg":"Error 4044"}
{"level":50,"time":1679682878331,"pid":3224,"hostname":"iMacdealejandro.fibertel.com.ar","msg":"Error 4044"}
{"level":50,"time":1679682878379,"pid":3224,"hostname":"iMacdealejandro.fibertel.com.ar","msg":"Error 4044"}
{"level":50,"time":1679682899818,"pid":3224,"hostname":"iMacdealejandro.fibertel.com.ar","msg":"Error 4044"}
{"level":50,"time":1679682931537,"pid":3224,"hostname":"iMacdealejandro.fibertel.com.ar","msg":"Error 4044"}
{"level":50,"time":1679682933841,"pid":3224,"hostname":"iMacdealejandro.fibertel.com.ar","msg":"Error 4044"}
{"level":50,"time":1679683986633,"pid":3224,"hostname":"iMacdealejandro.fibertel.com.ar","msg":"Error 4044"}
{"level":50,"time":1679684031520,"pid":3224,"hostname":"iMacdealejandro.fibertel.com.ar","msg":"Error 4044"}
{"level":50,"time":1679684044279,"pid":3224,"hostname":"iMacdealejandro.fibertel.com.ar","msg":"Error 4044"}
{"level":50,"time":1679684128329,"pid":3224,"hostname":"iMacdealejandro.fibertel.com.ar","msg":"Error 4044"}
{"level":50,"time":1679684180065,"pid":3224,"hostname":"iMacdealejandro.fibertel.com.ar","msg":"Error 4044"}
{"level":50,"time":1679684199792,"pid":3224,"hostname":"iMacdealejandro.fibertel.com.ar","msg":"Error 4044"}
{"level":50,"time":1679684232785,"pid":3224,"hostname":"iMacdealejandro.fibertel.com.ar","msg":"Error 4044"}
{"level":50,"time":1679684238916,"pid":3224,"hostname":"iMacdealejandro.fibertel.com.ar","msg":"Error 4044"}
{"level":50,"time":1679685261574,"pid":3441,"hostname":"iMacdealejandro.fibertel.com.ar","msg":"Error 4044"}
{"level":50,"time":1679685300177,"pid":3454,"hostname":"iMacdealejandro.fibertel.com.ar","msg":"Error 4044"}
{"level":50,"time":1679685690649,"pid":3482,"hostname":"iMacdealejandro.fibertel.com.ar","msg":"Error 4044"}
{"level":50,"time":1679685692636,"pid":3482,"hostname":"iMacdealejandro.fibertel.com.ar","msg":"Error 4044"}
{"level":50,"time":1679685720163,"pid":3482,"hostname":"iMacdealejandro.fibertel.com.ar","msg":"Error 4044"}
{"level":50,"time":1679685727716,"pid":3482,"hostname":"iMacdealejandro.fibertel.com.ar","msg":"Error 4044"}
{"level":50,"time":1679685921595,"pid":3517,"hostname":"iMacdealejandro.fibertel.com.ar","msg":"Error 4044"}
{"level":50,"time":1679685986707,"pid":3517,"hostname":"iMacdealejandro.fibertel.com.ar","msg":"Error 4044"}
{"level":50,"time":1679686041830,"pid":3517,"hostname":"iMacdealejandro.fibertel.com.ar","msg":"Error 4044"}
{"level":50,"time":1679686043848,"pid":3517,"hostname":"iMacdealejandro.fibertel.com.ar","msg":"Error 4044"}
{"level":50,"time":1679686101349,"pid":3517,"hostname":"iMacdealejandro.fibertel.com.ar","msg":"Error 4044"}
{"level":50,"time":1679691632895,"pid":3622,"hostname":"iMacdealejandro.fibertel.com.ar","msg":"Error 4044"}
{"level":50,"time":1679691683260,"pid":3622,"hostname":"iMacdealejandro.fibertel.com.ar","msg":"Error 4044"}
{"level":50,"time":1679691709607,"pid":3622,"hostname":"iMacdealejandro.fibertel.com.ar","msg":"Error 4044"}
{"level":50,"time":1679691863718,"pid":3622,"hostname":"iMacdealejandro.fibertel.com.ar","msg":"Error 4044"}
{"level":50,"time":1679691957056,"pid":3622,"hostname":"iMacdealejandro.fibertel.com.ar","msg":"Error 4044"}
{"level":50,"time":1679691988049,"pid":3622,"hostname":"iMacdealejandro.fibertel.com.ar","msg":"Error 4044"}
{"level":50,"time":1679691999427,"pid":3622,"hostname":"iMacdealejandro.fibertel.com.ar","msg":"Error 4044"}
{"level":50,"time":1679691999442,"pid":3622,"hostname":"iMacdealejandro.fibertel.com.ar","msg":"Error 4044"}
{"level":50,"time":1679692019951,"pid":3622,"hostname":"iMacdealejandro.fibertel.com.ar","msg":"Error 4044"}
{"level":50,"time":1679692022863,"pid":3622,"hostname":"iMacdealejandro.fibertel.com.ar","msg":"Error 4044"}
{"level":50,"time":1679692032827,"pid":3622,"hostname":"iMacdealejandro.fibertel.com.ar","msg":"Error 4044"}
{"level":50,"time":1679702333338,"pid":3622,"hostname":"iMacdealejandro.fibertel.com.ar","msg":"Error 4044"}
{"level":50,"time":1679702334479,"pid":3622,"hostname":"iMacdealejandro.fibertel.com.ar","msg":"Error 4044"}
{"level":50,"time":1679702334552,"pid":3622,"hostname":"iMacdealejandro.fibertel.com.ar","msg":"Error 4044"}
{"level":50,"time":1679702351404,"pid":3851,"hostname":"iMacdealejandro.fibertel.com.ar","msg":"Error 4044"}
{"level":50,"time":1679702386048,"pid":3851,"hostname":"iMacdealejandro.fibertel.com.ar","msg":"Error 4044"}
{"level":50,"time":1679702547085,"pid":3914,"hostname":"iMacdealejandro.fibertel.com.ar","msg":"Error 4044"}
{"level":50,"time":1679702557666,"pid":3933,"hostname":"iMacdealejandro.fibertel.com.ar","msg":"Error 4044"}
{"level":50,"time":1679702567013,"pid":3933,"hostname":"iMacdealejandro.fibertel.com.ar","msg":"Error 4044"}
{"level":50,"time":1679702609002,"pid":3950,"hostname":"iMacdealejandro.fibertel.com.ar","msg":"Error 4044"}
{"level":50,"time":1679702609347,"pid":3950,"hostname":"iMacdealejandro.fibertel.com.ar","msg":"Error 4044"}
{"level":50,"time":1679702615647,"pid":3950,"hostname":"iMacdealejandro.fibertel.com.ar","msg":"Error 4044"}
{"level":50,"time":1679702617750,"pid":3950,"hostname":"iMacdealejandro.fibertel.com.ar","msg":"Error 4044"}
{"level":50,"time":1679702619631,"pid":3950,"hostname":"iMacdealejandro.fibertel.com.ar","msg":"Error 4044"}
{"level":50,"time":1679702635394,"pid":3950,"hostname":"iMacdealejandro.fibertel.com.ar","msg":"Error 4044"}
{"level":50,"time":1679702636800,"pid":3950,"hostname":"iMacdealejandro.fibertel.com.ar","msg":"Error 4044"}
{"level":50,"time":1679702650116,"pid":3950,"hostname":"iMacdealejandro.fibertel.com.ar","msg":"Error 4044"}
{"level":50,"time":1679702783379,"pid":3987,"hostname":"iMacdealejandro.fibertel.com.ar","msg":"Error 4044"}
{"level":50,"time":1679702790848,"pid":3987,"hostname":"iMacdealejandro.fibertel.com.ar","msg":"Error 4044"}
{"level":50,"time":1679702790864,"pid":3987,"hostname":"iMacdealejandro.fibertel.com.ar","msg":"Error 4044"}
{"level":50,"time":1679702795278,"pid":3987,"hostname":"iMacdealejandro.fibertel.com.ar","msg":"Error 4044"}
{"level":50,"time":1679702796764,"pid":3987,"hostname":"iMacdealejandro.fibertel.com.ar","msg":"Error 4044"}
{"level":50,"time":1679702877036,"pid":4014,"hostname":"iMacdealejandro.fibertel.com.ar","msg":"Error 4044"}
{"level":50,"time":1679702878462,"pid":4014,"hostname":"iMacdealejandro.fibertel.com.ar","msg":"Error 4044"}
{"level":50,"time":1679702886700,"pid":4014,"hostname":"iMacdealejandro.fibertel.com.ar","msg":"Error 4044"}
{"level":50,"time":1679702888697,"pid":4014,"hostname":"iMacdealejandro.fibertel.com.ar","msg":"Error 4044"}
{"level":50,"time":1679702965601,"pid":4057,"hostname":"iMacdealejandro.fibertel.com.ar","msg":"Error 4044"}
{"level":50,"time":1679702965815,"pid":4057,"hostname":"iMacdealejandro.fibertel.com.ar","msg":"Error 4044"}
{"level":50,"time":1679702971755,"pid":4057,"hostname":"iMacdealejandro.fibertel.com.ar","msg":"Error 4044"}
{"level":50,"time":1679702974203,"pid":4057,"hostname":"iMacdealejandro.fibertel.com.ar","msg":"Error 4044"}
{"level":50,"time":1679703017858,"pid":4057,"hostname":"iMacdealejandro.fibertel.com.ar","msg":"Error 4044"}
{"level":50,"time":1679703253891,"pid":4129,"hostname":"iMacdealejandro.fibertel.com.ar","msg":"Error 4044"}
{"level":50,"time":1679703253926,"pid":4129,"hostname":"iMacdealejandro.fibertel.com.ar","msg":"Error 4044"}
{"level":50,"time":1679703259281,"pid":4129,"hostname":"iMacdealejandro.fibertel.com.ar","msg":"Error 4044"}
{"level":50,"time":1679703261110,"pid":4129,"hostname":"iMacdealejandro.fibertel.com.ar","msg":"Error en el login"}
{"level":50,"time":1679703261227,"pid":4129,"hostname":"iMacdealejandro.fibertel.com.ar","msg":"Error 4044"}
{"level":50,"time":1679703291422,"pid":4145,"hostname":"iMacdealejandro.fibertel.com.ar","msg":"Error 4044"}
{"level":50,"time":1679703293066,"pid":4145,"hostname":"iMacdealejandro.fibertel.com.ar","msg":"Error 4044"}
{"level":50,"time":1679703298787,"pid":4145,"hostname":"iMacdealejandro.fibertel.com.ar","msg":"Error 4044"}
{"level":50,"time":1679703300511,"pid":4145,"hostname":"iMacdealejandro.fibertel.com.ar","msg":"Error 4044"}
{"level":50,"time":1679703394787,"pid":4189,"hostname":"iMacdealejandro.fibertel.com.ar","msg":"Error 4044"}
{"level":50,"time":1679703595172,"pid":4280,"hostname":"iMacdealejandro.fibertel.com.ar","msg":"Error 4044"}
{"level":50,"time":1679704045455,"pid":4280,"hostname":"iMacdealejandro.fibertel.com.ar","msg":"Error 4044"}
{"level":50,"time":1679704046593,"pid":4280,"hostname":"iMacdealejandro.fibertel.com.ar","msg":"Error 4044"}
{"level":50,"time":1679704046614,"pid":4280,"hostname":"iMacdealejandro.fibertel.com.ar","msg":"Error 4044"}
{"level":50,"time":1679704051963,"pid":4280,"hostname":"iMacdealejandro.fibertel.com.ar","msg":"Error 4044"}
{"level":50,"time":1679704054149,"pid":4280,"hostname":"iMacdealejandro.fibertel.com.ar","msg":"Error 4044"}
{"level":50,"time":1679704061194,"pid":4280,"hostname":"iMacdealejandro.fibertel.com.ar","msg":"Error 4044"}
{"level":50,"time":1679704086284,"pid":4280,"hostname":"iMacdealejandro.fibertel.com.ar","msg":"Error 4044"}
{"level":50,"time":1679704094878,"pid":4280,"hostname":"iMacdealejandro.fibertel.com.ar","msg":"Error 4044"}
{"level":50,"time":1679704142397,"pid":4280,"hostname":"iMacdealejandro.fibertel.com.ar","msg":"Error 4044"}
{"level":50,"time":1679704205618,"pid":4348,"hostname":"iMacdealejandro.fibertel.com.ar","msg":"Error 4044"}
{"level":50,"time":1679704205646,"pid":4348,"hostname":"iMacdealejandro.fibertel.com.ar","msg":"Error 4044"}
{"level":50,"time":1679704211720,"pid":4348,"hostname":"iMacdealejandro.fibertel.com.ar","msg":"Error 4044"}
{"level":50,"time":1679704213594,"pid":4348,"hostname":"iMacdealejandro.fibertel.com.ar","msg":"Error 4044"}
{"level":50,"time":1679704247851,"pid":4374,"hostname":"iMacdealejandro.fibertel.com.ar","msg":"Error 4044"}
{"level":50,"time":1679704519307,"pid":4419,"hostname":"iMacdealejandro.fibertel.com.ar","msg":"Error 4044"}
{"level":50,"time":1679704521183,"pid":4419,"hostname":"iMacdealejandro.fibertel.com.ar","msg":"Error 4044"}
{"level":50,"time":1679704521215,"pid":4419,"hostname":"iMacdealejandro.fibertel.com.ar","msg":"Error 4044"}
{"level":50,"time":1679704526496,"pid":4419,"hostname":"iMacdealejandro.fibertel.com.ar","msg":"Error 4044"}
{"level":50,"time":1679704528083,"pid":4419,"hostname":"iMacdealejandro.fibertel.com.ar","msg":"Error 4044"}
{"level":50,"time":1679704711433,"pid":4465,"hostname":"iMacdealejandro.fibertel.com.ar","msg":"Error 4044"}
{"level":50,"time":1679704711871,"pid":4465,"hostname":"iMacdealejandro.fibertel.com.ar","msg":"Error 4044"}
{"level":50,"time":1679704718767,"pid":4465,"hostname":"iMacdealejandro.fibertel.com.ar","msg":"Error 4044"}
{"level":50,"time":1679704720383,"pid":4465,"hostname":"iMacdealejandro.fibertel.com.ar","msg":"Error 4044"}
{"level":50,"time":1679705484372,"pid":4562,"hostname":"iMacdealejandro.fibertel.com.ar","msg":"Error 4044"}
{"level":50,"time":1679705484718,"pid":4562,"hostname":"iMacdealejandro.fibertel.com.ar","msg":"Error 4044"}
{"level":50,"time":1679705489693,"pid":4562,"hostname":"iMacdealejandro.fibertel.com.ar","msg":"Error 4044"}
{"level":50,"time":1679705491419,"pid":4562,"hostname":"iMacdealejandro.fibertel.com.ar","msg":"Error 4044"}
{"level":50,"time":1679705555430,"pid":4589,"hostname":"iMacdealejandro.fibertel.com.ar","msg":"Error 4044"}
{"level":50,"time":1679705555699,"pid":4589,"hostname":"iMacdealejandro.fibertel.com.ar","msg":"Error 4044"}
{"level":50,"time":1679705561588,"pid":4589,"hostname":"iMacdealejandro.fibertel.com.ar","msg":"Error 4044"}
{"level":50,"time":1679705563323,"pid":4589,"hostname":"iMacdealejandro.fibertel.com.ar","msg":"Error 4044"}
{"level":50,"time":1679705853192,"pid":4589,"hostname":"iMacdealejandro.fibertel.com.ar","msg":"Error 4044"}
{"level":50,"time":1679705856958,"pid":4589,"hostname":"iMacdealejandro.fibertel.com.ar","msg":"Error 4044"}
{"level":50,"time":1679705856975,"pid":4589,"hostname":"iMacdealejandro.fibertel.com.ar","msg":"Error 4044"}
{"level":50,"time":1679706379851,"pid":4675,"hostname":"iMacdealejandro.fibertel.com.ar","msg":"Error 4044"}
{"level":50,"time":1679706382289,"pid":4675,"hostname":"iMacdealejandro.fibertel.com.ar","msg":"Error 4044"}
{"level":50,"time":1679706418438,"pid":4704,"hostname":"iMacdealejandro.fibertel.com.ar","msg":"Error 4044"}
{"level":50,"time":1679706418709,"pid":4704,"hostname":"iMacdealejandro.fibertel.com.ar","msg":"Error 4044"}
{"level":50,"time":1679706423454,"pid":4704,"hostname":"iMacdealejandro.fibertel.com.ar","msg":"Error 4044"}
{"level":50,"time":1679706424901,"pid":4704,"hostname":"iMacdealejandro.fibertel.com.ar","msg":"Error 4044"}
{"level":50,"time":1679706481270,"pid":4728,"hostname":"iMacdealejandro.fibertel.com.ar","msg":"Error 4044"}
{"level":50,"time":1679706481430,"pid":4728,"hostname":"iMacdealejandro.fibertel.com.ar","msg":"Error 4044"}
{"level":50,"time":1679706486730,"pid":4728,"hostname":"iMacdealejandro.fibertel.com.ar","msg":"Error 4044"}
{"level":50,"time":1679706488611,"pid":4728,"hostname":"iMacdealejandro.fibertel.com.ar","msg":"Error 4044"}
{"level":50,"time":1679706880456,"pid":4759,"hostname":"iMacdealejandro.fibertel.com.ar","msg":"Error 4044"}
{"level":50,"time":1679706881668,"pid":4759,"hostname":"iMacdealejandro.fibertel.com.ar","msg":"Error 4044"}
{"level":50,"time":1679706887234,"pid":4759,"hostname":"iMacdealejandro.fibertel.com.ar","msg":"Error 4044"}
{"level":50,"time":1679706889077,"pid":4759,"hostname":"iMacdealejandro.fibertel.com.ar","msg":"Error 4044"}
{"level":50,"time":1679706897174,"pid":4759,"hostname":"iMacdealejandro.fibertel.com.ar","msg":"Error 4044"}
{"level":50,"time":1679707200370,"pid":4821,"hostname":"iMacdealejandro.fibertel.com.ar","msg":"Error 4044"}
{"level":50,"time":1679707200400,"pid":4821,"hostname":"iMacdealejandro.fibertel.com.ar","msg":"Error 4044"}
{"level":50,"time":1679707206065,"pid":4821,"hostname":"iMacdealejandro.fibertel.com.ar","msg":"Error 4044"}
{"level":50,"time":1679707211096,"pid":4821,"hostname":"iMacdealejandro.fibertel.com.ar","msg":"Error 4044"}
{"level":50,"time":1679707221055,"pid":4821,"hostname":"iMacdealejandro.fibertel.com.ar","msg":"Error 4044"}
{"level":50,"time":1679707230350,"pid":4821,"hostname":"iMacdealejandro.fibertel.com.ar","msg":"Error 4044"}
{"level":50,"time":1679707551237,"pid":4879,"hostname":"iMacdealejandro.fibertel.com.ar","msg":"Error 4044"}
{"level":50,"time":1679707551992,"pid":4879,"hostname":"iMacdealejandro.fibertel.com.ar","msg":"Error 4044"}
{"level":50,"time":1679707558755,"pid":4879,"hostname":"iMacdealejandro.fibertel.com.ar","msg":"Error 4044"}
{"level":50,"time":1679707560388,"pid":4879,"hostname":"iMacdealejandro.fibertel.com.ar","msg":"Error 4044"}
{"level":50,"time":1679707939638,"pid":4967,"hostname":"iMacdealejandro.fibertel.com.ar","msg":"Error 4044"}
{"level":50,"time":1679707939675,"pid":4967,"hostname":"iMacdealejandro.fibertel.com.ar","msg":"Error 4044"}
{"level":50,"time":1679707944453,"pid":4967,"hostname":"iMacdealejandro.fibertel.com.ar","msg":"Error 4044"}
{"level":50,"time":1679707947918,"pid":4967,"hostname":"iMacdealejandro.fibertel.com.ar","msg":"Error 4044"}
{"level":50,"time":1679707974354,"pid":5002,"hostname":"iMacdealejandro.fibertel.com.ar","msg":"Error 4044"}
{"level":50,"time":1679707974392,"pid":5002,"hostname":"iMacdealejandro.fibertel.com.ar","msg":"Error 4044"}
{"level":50,"time":1679707980291,"pid":5002,"hostname":"iMacdealejandro.fibertel.com.ar","msg":"Error 4044"}
{"level":50,"time":1679707981925,"pid":5002,"hostname":"iMacdealejandro.fibertel.com.ar","msg":"Error 4044"}
{"level":50,"time":1679707983634,"pid":5002,"hostname":"iMacdealejandro.fibertel.com.ar","msg":"Error 4044"}
{"level":50,"time":1679708119763,"pid":5046,"hostname":"iMacdealejandro.fibertel.com.ar","msg":"Error 4044"}
{"level":50,"time":1679708119801,"pid":5046,"hostname":"iMacdealejandro.fibertel.com.ar","msg":"Error 4044"}
{"level":50,"time":1679708124473,"pid":5046,"hostname":"iMacdealejandro.fibertel.com.ar","msg":"Error 4044"}
{"level":50,"time":1679708126820,"pid":5046,"hostname":"iMacdealejandro.fibertel.com.ar","msg":"Error 4044"}
{"level":50,"time":1679708128079,"pid":5046,"hostname":"iMacdealejandro.fibertel.com.ar","msg":"Error 4044"}
{"level":50,"time":1679708151142,"pid":5062,"hostname":"iMacdealejandro.fibertel.com.ar","msg":"Error 4044"}
{"level":50,"time":1679708151167,"pid":5062,"hostname":"iMacdealejandro.fibertel.com.ar","msg":"Error 4044"}
{"level":50,"time":1679708155941,"pid":5062,"hostname":"iMacdealejandro.fibertel.com.ar","msg":"Error 4044"}
{"level":50,"time":1679708157453,"pid":5062,"hostname":"iMacdealejandro.fibertel.com.ar","msg":"Error 4044"}
{"level":50,"time":1679708159365,"pid":5062,"hostname":"iMacdealejandro.fibertel.com.ar","msg":"Error 4044"}
{"level":50,"time":1679708287342,"pid":5107,"hostname":"iMacdealejandro.fibertel.com.ar","msg":"Error 4044"}
{"level":50,"time":1679708287377,"pid":5107,"hostname":"iMacdealejandro.fibertel.com.ar","msg":"Error 4044"}
{"level":50,"time":1679708292805,"pid":5107,"hostname":"iMacdealejandro.fibertel.com.ar","msg":"Error 4044"}
{"level":50,"time":1679708294629,"pid":5107,"hostname":"iMacdealejandro.fibertel.com.ar","msg":"Error 4044"}
{"level":50,"time":1679708507301,"pid":5137,"hostname":"iMacdealejandro.fibertel.com.ar","msg":"Error 4044"}
{"level":50,"time":1679708508706,"pid":5137,"hostname":"iMacdealejandro.fibertel.com.ar","msg":"Error 4044"}
{"level":50,"time":1679708514097,"pid":5137,"hostname":"iMacdealejandro.fibertel.com.ar","msg":"Error 4044"}
{"level":50,"time":1679708515799,"pid":5137,"hostname":"iMacdealejandro.fibertel.com.ar","msg":"Error 4044"}
{"level":50,"time":1679708517690,"pid":5137,"hostname":"iMacdealejandro.fibertel.com.ar","msg":"Error 4044"}
{"level":50,"time":1679709416983,"pid":5137,"hostname":"iMacdealejandro.fibertel.com.ar","msg":"Error 4044"}
{"level":50,"time":1679709416998,"pid":5137,"hostname":"iMacdealejandro.fibertel.com.ar","msg":"Error 4044"}
{"level":50,"time":1679709680135,"pid":5137,"hostname":"iMacdealejandro.fibertel.com.ar","msg":"Error 4044"}
{"level":50,"time":1679709680536,"pid":5137,"hostname":"iMacdealejandro.fibertel.com.ar","msg":"Error 4044"}
{"level":50,"time":1679709685538,"pid":5137,"hostname":"iMacdealejandro.fibertel.com.ar","msg":"Error 4044"}
{"level":50,"time":1679709688182,"pid":5137,"hostname":"iMacdealejandro.fibertel.com.ar","msg":"Error 4044"}
{"level":50,"time":1679709695922,"pid":5137,"hostname":"iMacdealejandro.fibertel.com.ar","msg":"Error 4044"}
{"level":50,"time":1679709699881,"pid":5137,"hostname":"iMacdealejandro.fibertel.com.ar","msg":"Error 4044"}
{"level":50,"time":1679709702447,"pid":5137,"hostname":"iMacdealejandro.fibertel.com.ar","msg":"Error 4044"}
{"level":50,"time":1679709702462,"pid":5137,"hostname":"iMacdealejandro.fibertel.com.ar","msg":"Error 4044"}
{"level":50,"time":1679710003674,"pid":5137,"hostname":"iMacdealejandro.fibertel.com.ar","msg":"Error 4044"}
{"level":50,"time":1679710035361,"pid":5137,"hostname":"iMacdealejandro.fibertel.com.ar","msg":"Error 4044"}
{"level":50,"time":1679710036437,"pid":5137,"hostname":"iMacdealejandro.fibertel.com.ar","msg":"Error 4044"}
{"level":50,"time":1679710123063,"pid":5137,"hostname":"iMacdealejandro.fibertel.com.ar","msg":"Error 4044"}
{"level":50,"time":1679710124963,"pid":5137,"hostname":"iMacdealejandro.fibertel.com.ar","msg":"Error 4044"}
{"level":50,"time":1679710136441,"pid":5137,"hostname":"iMacdealejandro.fibertel.com.ar","msg":"Error 4044"}
{"level":50,"time":1679710139418,"pid":5137,"hostname":"iMacdealejandro.fibertel.com.ar","msg":"Error 4044"}
{"level":50,"time":1679710140437,"pid":5137,"hostname":"iMacdealejandro.fibertel.com.ar","msg":"Error 4044"}
{"level":50,"time":1679710141659,"pid":5137,"hostname":"iMacdealejandro.fibertel.com.ar","msg":"Error 4044"}
{"level":50,"time":1679710800402,"pid":5362,"hostname":"iMacdealejandro.fibertel.com.ar","msg":"Error 4044"}
{"level":50,"time":1679710801079,"pid":5362,"hostname":"iMacdealejandro.fibertel.com.ar","msg":"Error 4044"}
{"level":50,"time":1679710806313,"pid":5362,"hostname":"iMacdealejandro.fibertel.com.ar","msg":"Error 4044"}
{"level":50,"time":1679710808739,"pid":5362,"hostname":"iMacdealejandro.fibertel.com.ar","msg":"Error 4044"}
{"level":50,"time":1679710811486,"pid":5362,"hostname":"iMacdealejandro.fibertel.com.ar","msg":"Error 4044"}
{"level":50,"time":1679710812984,"pid":5362,"hostname":"iMacdealejandro.fibertel.com.ar","msg":"Error 4044"}
{"level":50,"time":1679710933873,"pid":5386,"hostname":"iMacdealejandro.fibertel.com.ar","msg":"Error 4044"}
{"level":50,"time":1679710934460,"pid":5386,"hostname":"iMacdealejandro.fibertel.com.ar","msg":"Error 4044"}
{"level":50,"time":1679710940070,"pid":5386,"hostname":"iMacdealejandro.fibertel.com.ar","msg":"Error 4044"}
{"level":50,"time":1679710942379,"pid":5386,"hostname":"iMacdealejandro.fibertel.com.ar","msg":"Error 4044"}
{"level":50,"time":1679710944850,"pid":5386,"hostname":"iMacdealejandro.fibertel.com.ar","msg":"Error 4044"}
{"level":50,"time":1679710948362,"pid":5386,"hostname":"iMacdealejandro.fibertel.com.ar","msg":"Error 4044"}
{"level":50,"time":1679711684871,"pid":5475,"hostname":"iMacdealejandro.fibertel.com.ar","msg":"Error 4044"}
{"level":50,"time":1679711688159,"pid":5475,"hostname":"iMacdealejandro.fibertel.com.ar","msg":"Error 4044"}
{"level":50,"time":1679711730918,"pid":5475,"hostname":"iMacdealejandro.fibertel.com.ar","msg":"Error 4044"}
{"level":50,"time":1679711747878,"pid":5475,"hostname":"iMacdealejandro.fibertel.com.ar","msg":"Error 4044"}
{"level":50,"time":1679711747894,"pid":5475,"hostname":"iMacdealejandro.fibertel.com.ar","msg":"Error 4044"}
{"level":50,"time":1679711824253,"pid":5564,"hostname":"iMacdealejandro.fibertel.com.ar","msg":"Error 4044"}
{"level":50,"time":1679711842830,"pid":5564,"hostname":"iMacdealejandro.fibertel.com.ar","msg":"Error 4044"}
{"level":50,"time":1679711842846,"pid":5564,"hostname":"iMacdealejandro.fibertel.com.ar","msg":"Error 4044"}
{"level":50,"time":1679711998226,"pid":5583,"hostname":"iMacdealejandro.fibertel.com.ar","msg":"Error 4044"}
{"level":50,"time":1679712000152,"pid":5583,"hostname":"iMacdealejandro.fibertel.com.ar","msg":"Error 4044"}
{"level":50,"time":1679712002668,"pid":5583,"hostname":"iMacdealejandro.fibertel.com.ar","msg":"Error 4044"}
{"level":50,"time":1679712150046,"pid":5633,"hostname":"iMacdealejandro.fibertel.com.ar","msg":"Error 4044"}
{"level":50,"time":1679712150258,"pid":5633,"hostname":"iMacdealejandro.fibertel.com.ar","msg":"Error 4044"}
{"level":50,"time":1679712155101,"pid":5633,"hostname":"iMacdealejandro.fibertel.com.ar","msg":"Error 4044"}
{"level":50,"time":1679712156813,"pid":5633,"hostname":"iMacdealejandro.fibertel.com.ar","msg":"Error 4044"}
{"level":50,"time":1679712196821,"pid":5633,"hostname":"iMacdealejandro.fibertel.com.ar","msg":"Error 4044"}
{"level":50,"time":1679712198791,"pid":5633,"hostname":"iMacdealejandro.fibertel.com.ar","msg":"Error 4044"}
{"level":50,"time":1679868560386,"pid":1152,"hostname":"iMacdealejandro.fibertel.com.ar","msg":"Error 4044"}
{"level":50,"time":1679868560435,"pid":1152,"hostname":"iMacdealejandro.fibertel.com.ar","msg":"Error 4044"}
{"level":50,"time":1679870982495,"pid":1629,"hostname":"iMacdealejandro.fibertel.com.ar","msg":"Error 4044"}
{"level":50,"time":1679870982518,"pid":1629,"hostname":"iMacdealejandro.fibertel.com.ar","msg":"Error 4044"}
{"level":50,"time":1679870984309,"pid":1629,"hostname":"iMacdealejandro.fibertel.com.ar","msg":"Error 4044"}
{"level":50,"time":1679870984323,"pid":1629,"hostname":"iMacdealejandro.fibertel.com.ar","msg":"Error 4044"}
{"level":50,"time":1679871013553,"pid":1629,"hostname":"iMacdealejandro.fibertel.com.ar","msg":"Error 4044"}
{"level":50,"time":1679871021521,"pid":1629,"hostname":"iMacdealejandro.fibertel.com.ar","msg":"Error 4044"}
{"level":50,"time":1679871044575,"pid":1629,"hostname":"iMacdealejandro.fibertel.com.ar","msg":"Error 4044"}
{"level":50,"time":1679871049785,"pid":1629,"hostname":"iMacdealejandro.fibertel.com.ar","msg":"Error 4044"}
{"level":50,"time":1679871157940,"pid":1688,"hostname":"iMacdealejandro.fibertel.com.ar","msg":"Error 4044"}
{"level":50,"time":1679871157978,"pid":1688,"hostname":"iMacdealejandro.fibertel.com.ar","msg":"Error 4044"}
{"level":50,"time":1679871162094,"pid":1688,"hostname":"iMacdealejandro.fibertel.com.ar","msg":"Error 4044"}
{"level":50,"time":1679871164778,"pid":1688,"hostname":"iMacdealejandro.fibertel.com.ar","msg":"Error 4044"}
{"level":50,"time":1679871166310,"pid":1688,"hostname":"iMacdealejandro.fibertel.com.ar","msg":"Error 4044"}
{"level":50,"time":1679871221889,"pid":1705,"hostname":"iMacdealejandro.fibertel.com.ar","msg":"Error 4044"}
{"level":50,"time":1679871222852,"pid":1705,"hostname":"iMacdealejandro.fibertel.com.ar","msg":"Error 4044"}
{"level":50,"time":1679871227289,"pid":1705,"hostname":"iMacdealejandro.fibertel.com.ar","msg":"Error 4044"}
{"level":50,"time":1679871228996,"pid":1705,"hostname":"iMacdealejandro.fibertel.com.ar","msg":"Error 4044"}
{"level":50,"time":1679871230439,"pid":1705,"hostname":"iMacdealejandro.fibertel.com.ar","msg":"Error 4044"}
{"level":50,"time":1679871388083,"pid":1728,"hostname":"iMacdealejandro.fibertel.com.ar","msg":"Error 4044"}
{"level":50,"time":1679871388559,"pid":1728,"hostname":"iMacdealejandro.fibertel.com.ar","msg":"Error 4044"}
{"level":50,"time":1679871392957,"pid":1728,"hostname":"iMacdealejandro.fibertel.com.ar","msg":"Error 4044"}
{"level":50,"time":1679871394238,"pid":1728,"hostname":"iMacdealejandro.fibertel.com.ar","msg":"Error 4044"}
{"level":50,"time":1679871420227,"pid":1756,"hostname":"iMacdealejandro.fibertel.com.ar","msg":"Error 4044"}
{"level":50,"time":1679871420481,"pid":1756,"hostname":"iMacdealejandro.fibertel.com.ar","msg":"Error 4044"}
{"level":50,"time":1679871425455,"pid":1756,"hostname":"iMacdealejandro.fibertel.com.ar","msg":"Error 4044"}
{"level":50,"time":1679871426840,"pid":1756,"hostname":"iMacdealejandro.fibertel.com.ar","msg":"Error 4044"}
{"level":50,"time":1679871629577,"pid":1835,"hostname":"iMacdealejandro.fibertel.com.ar","msg":"Error 4044"}
{"level":50,"time":1679871629616,"pid":1835,"hostname":"iMacdealejandro.fibertel.com.ar","msg":"Error 4044"}
{"level":50,"time":1679871688179,"pid":1866,"hostname":"iMacdealejandro.fibertel.com.ar","msg":"Error 4044"}
{"level":50,"time":1679871689652,"pid":1866,"hostname":"iMacdealejandro.fibertel.com.ar","msg":"Error 4044"}
{"level":50,"time":1679871690747,"pid":1866,"hostname":"iMacdealejandro.fibertel.com.ar","msg":"Error 4044"}
{"level":50,"time":1679871704936,"pid":1866,"hostname":"iMacdealejandro.fibertel.com.ar","msg":"Error 4044"}
{"level":50,"time":1679871707205,"pid":1866,"hostname":"iMacdealejandro.fibertel.com.ar","msg":"Error 4044"}
{"level":50,"time":1679871707219,"pid":1866,"hostname":"iMacdealejandro.fibertel.com.ar","msg":"Error 4044"}
{"level":50,"time":1679871711656,"pid":1866,"hostname":"iMacdealejandro.fibertel.com.ar","msg":"Error 4044"}
{"level":50,"time":1679871713002,"pid":1866,"hostname":"iMacdealejandro.fibertel.com.ar","msg":"Error 4044"}
{"level":50,"time":1679871713932,"pid":1866,"hostname":"iMacdealejandro.fibertel.com.ar","msg":"Error 4044"}
{"level":50,"time":1679871718446,"pid":1866,"hostname":"iMacdealejandro.fibertel.com.ar","msg":"Error 4044"}
{"level":50,"time":1679871720163,"pid":1866,"hostname":"iMacdealejandro.fibertel.com.ar","msg":"Error 4044"}
{"level":50,"time":1679871720179,"pid":1866,"hostname":"iMacdealejandro.fibertel.com.ar","msg":"Error 4044"}
{"level":50,"time":1679871898862,"pid":1924,"hostname":"iMacdealejandro.fibertel.com.ar","msg":"Error 4044"}
{"level":50,"time":1679871901085,"pid":1924,"hostname":"iMacdealejandro.fibertel.com.ar","msg":"Error 4044"}
{"level":50,"time":1679871902181,"pid":1924,"hostname":"iMacdealejandro.fibertel.com.ar","msg":"Error 4044"}
{"level":50,"time":1679872746734,"pid":2039,"hostname":"iMacdealejandro.fibertel.com.ar","msg":"Error 4044"}
{"level":50,"time":1679872747185,"pid":2039,"hostname":"iMacdealejandro.fibertel.com.ar","msg":"Error 4044"}
{"level":50,"time":1679872752494,"pid":2039,"hostname":"iMacdealejandro.fibertel.com.ar","msg":"Error 4044"}
{"level":50,"time":1679872753882,"pid":2039,"hostname":"iMacdealejandro.fibertel.com.ar","msg":"Error 4044"}
{"level":50,"time":1679872795141,"pid":2075,"hostname":"iMacdealejandro.fibertel.com.ar","msg":"Error 4044"}
{"level":50,"time":1679872795181,"pid":2075,"hostname":"iMacdealejandro.fibertel.com.ar","msg":"Error 4044"}
{"level":50,"time":1679872799231,"pid":2075,"hostname":"iMacdealejandro.fibertel.com.ar","msg":"Error 4044"}
{"level":50,"time":1679872801379,"pid":2075,"hostname":"iMacdealejandro.fibertel.com.ar","msg":"Error 4044"}
{"level":50,"time":1679872802434,"pid":2075,"hostname":"iMacdealejandro.fibertel.com.ar","msg":"Error 4044"}
{"level":50,"time":1679872854850,"pid":2090,"hostname":"iMacdealejandro.fibertel.com.ar","msg":"Error 4044"}
{"level":50,"time":1679872854907,"pid":2090,"hostname":"iMacdealejandro.fibertel.com.ar","msg":"Error 4044"}
{"level":50,"time":1679872859018,"pid":2090,"hostname":"iMacdealejandro.fibertel.com.ar","msg":"Error 4044"}
{"level":50,"time":1679872860606,"pid":2090,"hostname":"iMacdealejandro.fibertel.com.ar","msg":"Error 4044"}
{"level":50,"time":1679872862124,"pid":2090,"hostname":"iMacdealejandro.fibertel.com.ar","msg":"Error 4044"}
{"level":50,"time":1679872948000,"pid":2111,"hostname":"iMacdealejandro.fibertel.com.ar","msg":"Error 4044"}
{"level":50,"time":1679872948334,"pid":2111,"hostname":"iMacdealejandro.fibertel.com.ar","msg":"Error 4044"}
{"level":50,"time":1679872954344,"pid":2111,"hostname":"iMacdealejandro.fibertel.com.ar","msg":"Error 4044"}
{"level":50,"time":1679872955563,"pid":2111,"hostname":"iMacdealejandro.fibertel.com.ar","msg":"Error 4044"}
{"level":50,"time":1679872956729,"pid":2111,"hostname":"iMacdealejandro.fibertel.com.ar","msg":"Error 4044"}
{"level":50,"time":1679873176371,"pid":2144,"hostname":"iMacdealejandro.fibertel.com.ar","msg":"Error 4044"}
{"level":50,"time":1679873176532,"pid":2144,"hostname":"iMacdealejandro.fibertel.com.ar","msg":"Error 4044"}
{"level":50,"time":1679873194166,"pid":2170,"hostname":"iMacdealejandro.fibertel.com.ar","msg":"Error 4044"}
{"level":50,"time":1679873196061,"pid":2170,"hostname":"iMacdealejandro.fibertel.com.ar","msg":"Error 4044"}
{"level":50,"time":1679873197504,"pid":2170,"hostname":"iMacdealejandro.fibertel.com.ar","msg":"Error 4044"}
{"level":50,"time":1679873454442,"pid":2194,"hostname":"iMacdealejandro.fibertel.com.ar","msg":"Error 4044"}
{"level":50,"time":1679873454880,"pid":2194,"hostname":"iMacdealejandro.fibertel.com.ar","msg":"Error 4044"}
{"level":50,"time":1679873459798,"pid":2194,"hostname":"iMacdealejandro.fibertel.com.ar","msg":"Error 4044"}
{"level":50,"time":1679873461169,"pid":2194,"hostname":"iMacdealejandro.fibertel.com.ar","msg":"Error 4044"}
{"level":50,"time":1679873462228,"pid":2194,"hostname":"iMacdealejandro.fibertel.com.ar","msg":"Error 4044"}
{"level":50,"time":1679873471626,"pid":2194,"hostname":"iMacdealejandro.fibertel.com.ar","msg":"Error 4044"}
{"level":50,"time":1679873823654,"pid":2194,"hostname":"iMacdealejandro.fibertel.com.ar","msg":"Error 4044"}
{"level":50,"time":1679873823668,"pid":2194,"hostname":"iMacdealejandro.fibertel.com.ar","msg":"Error 4044"}
{"level":50,"time":1679873830293,"pid":2194,"hostname":"iMacdealejandro.fibertel.com.ar","msg":"Error 4044"}
{"level":50,"time":1679873831587,"pid":2194,"hostname":"iMacdealejandro.fibertel.com.ar","msg":"Error 4044"}
{"level":50,"time":1679873832626,"pid":2194,"hostname":"iMacdealejandro.fibertel.com.ar","msg":"Error 4044"}
{"level":50,"time":1679873838733,"pid":2194,"hostname":"iMacdealejandro.fibertel.com.ar","msg":"Error 4044"}
{"level":50,"time":1679873864573,"pid":2194,"hostname":"iMacdealejandro.fibertel.com.ar","msg":"Error 4044"}
{"level":50,"time":1679873915391,"pid":2194,"hostname":"iMacdealejandro.fibertel.com.ar","msg":"Error 4044"}
{"level":50,"time":1679873915410,"pid":2194,"hostname":"iMacdealejandro.fibertel.com.ar","msg":"Error 4044"}
{"level":50,"time":1679874282173,"pid":2279,"hostname":"iMacdealejandro.fibertel.com.ar","msg":"Error 4044"}
{"level":50,"time":1679874290316,"pid":2279,"hostname":"iMacdealejandro.fibertel.com.ar","msg":"Error 4044"}
{"level":50,"time":1679874301564,"pid":2279,"hostname":"iMacdealejandro.fibertel.com.ar","msg":"Error 4044"}
{"level":50,"time":1679874303416,"pid":2279,"hostname":"iMacdealejandro.fibertel.com.ar","msg":"Error 4044"}
{"level":50,"time":1679875422216,"pid":2279,"hostname":"iMacdealejandro.fibertel.com.ar","msg":"Error 4044"}
{"level":50,"time":1679875422239,"pid":2279,"hostname":"iMacdealejandro.fibertel.com.ar","msg":"Error 4044"}
{"level":50,"time":1679877328924,"pid":2557,"hostname":"iMacdealejandro.fibertel.com.ar","msg":"Error 4044"}
{"level":50,"time":1679877329661,"pid":2557,"hostname":"iMacdealejandro.fibertel.com.ar","msg":"Error 4044"}
{"level":50,"time":1679877334122,"pid":2557,"hostname":"iMacdealejandro.fibertel.com.ar","msg":"Error 4044"}
{"level":50,"time":1679877335336,"pid":2557,"hostname":"iMacdealejandro.fibertel.com.ar","msg":"Error 4044"}
{"level":50,"time":1679877336841,"pid":2557,"hostname":"iMacdealejandro.fibertel.com.ar","msg":"Error 4044"}
{"level":50,"time":1679877338859,"pid":2557,"hostname":"iMacdealejandro.fibertel.com.ar","msg":"Error 4044"}
{"level":50,"time":1679878100517,"pid":2557,"hostname":"iMacdealejandro.fibertel.com.ar","msg":"Error 4044"}
{"level":50,"time":1679878101046,"pid":2557,"hostname":"iMacdealejandro.fibertel.com.ar","msg":"Error 4044"}
{"level":50,"time":1679878123518,"pid":2654,"hostname":"iMacdealejandro.fibertel.com.ar","msg":"Error 4044"}
{"level":50,"time":1679878125294,"pid":2654,"hostname":"iMacdealejandro.fibertel.com.ar","msg":"Error 4044"}
{"level":50,"time":1679878135981,"pid":2654,"hostname":"iMacdealejandro.fibertel.com.ar","msg":"Error 4044"}
{"level":50,"time":1679878187849,"pid":2680,"hostname":"iMacdealejandro.fibertel.com.ar","msg":"Error 4044"}
{"level":50,"time":1679878188249,"pid":2680,"hostname":"iMacdealejandro.fibertel.com.ar","msg":"Error 4044"}
{"level":50,"time":1679878191936,"pid":2680,"hostname":"iMacdealejandro.fibertel.com.ar","msg":"Error 4044"}
{"level":50,"time":1679878193084,"pid":2680,"hostname":"iMacdealejandro.fibertel.com.ar","msg":"Error 4044"}
{"level":50,"time":1679878194934,"pid":2680,"hostname":"iMacdealejandro.fibertel.com.ar","msg":"Error 4044"}
{"level":50,"time":1679878265771,"pid":2741,"hostname":"iMacdealejandro.fibertel.com.ar","msg":"Error 4044"}
{"level":50,"time":1679878265809,"pid":2741,"hostname":"iMacdealejandro.fibertel.com.ar","msg":"Error 4044"}
{"level":50,"time":1679878269695,"pid":2741,"hostname":"iMacdealejandro.fibertel.com.ar","msg":"Error 4044"}
{"level":50,"time":1679878270695,"pid":2741,"hostname":"iMacdealejandro.fibertel.com.ar","msg":"Error 4044"}
{"level":50,"time":1679878271861,"pid":2741,"hostname":"iMacdealejandro.fibertel.com.ar","msg":"Error 4044"}
{"level":50,"time":1679878273176,"pid":2741,"hostname":"iMacdealejandro.fibertel.com.ar","msg":"Error 4044"}
{"level":50,"time":1679878374979,"pid":2765,"hostname":"iMacdealejandro.fibertel.com.ar","msg":"Error 4044"}
{"level":50,"time":1679878375411,"pid":2765,"hostname":"iMacdealejandro.fibertel.com.ar","msg":"Error 4044"}
{"level":50,"time":1679878379631,"pid":2765,"hostname":"iMacdealejandro.fibertel.com.ar","msg":"Error 4044"}
{"level":50,"time":1679878381136,"pid":2765,"hostname":"iMacdealejandro.fibertel.com.ar","msg":"Error 4044"}
{"level":50,"time":1679878382483,"pid":2765,"hostname":"iMacdealejandro.fibertel.com.ar","msg":"Error 4044"}
{"level":50,"time":1679878384417,"pid":2765,"hostname":"iMacdealejandro.fibertel.com.ar","msg":"Error 4044"}
{"level":50,"time":1679878430212,"pid":2786,"hostname":"iMacdealejandro.fibertel.com.ar","msg":"Error 4044"}
{"level":50,"time":1679878430524,"pid":2786,"hostname":"iMacdealejandro.fibertel.com.ar","msg":"Error 4044"}
{"level":50,"time":1679878434948,"pid":2786,"hostname":"iMacdealejandro.fibertel.com.ar","msg":"Error 4044"}
{"level":50,"time":1679878436319,"pid":2786,"hostname":"iMacdealejandro.fibertel.com.ar","msg":"Error 4044"}
{"level":50,"time":1679878437864,"pid":2786,"hostname":"iMacdealejandro.fibertel.com.ar","msg":"Error 4044"}
{"level":50,"time":1679878439738,"pid":2786,"hostname":"iMacdealejandro.fibertel.com.ar","msg":"Error 4044"}
{"level":50,"time":1679878765168,"pid":2840,"hostname":"iMacdealejandro.fibertel.com.ar","msg":"Error 4044"}
{"level":50,"time":1679878765309,"pid":2840,"hostname":"iMacdealejandro.fibertel.com.ar","msg":"Error 4044"}
{"level":50,"time":1679878769722,"pid":2840,"hostname":"iMacdealejandro.fibertel.com.ar","msg":"Error 4044"}
{"level":50,"time":1679878771182,"pid":2840,"hostname":"iMacdealejandro.fibertel.com.ar","msg":"Error 4044"}
{"level":50,"time":1679878774209,"pid":2840,"hostname":"iMacdealejandro.fibertel.com.ar","msg":"Error 4044"}
{"level":50,"time":1679878776945,"pid":2840,"hostname":"iMacdealejandro.fibertel.com.ar","msg":"Error 4044"}
{"level":50,"time":1679880594591,"pid":2840,"hostname":"iMacdealejandro.fibertel.com.ar","msg":"Error 4044"}
{"level":50,"time":1679880594937,"pid":2840,"hostname":"iMacdealejandro.fibertel.com.ar","msg":"Error 4044"}
{"level":50,"time":1679880618675,"pid":2958,"hostname":"iMacdealejandro.fibertel.com.ar","msg":"Error 4044"}
{"level":50,"time":1679880620111,"pid":2958,"hostname":"iMacdealejandro.fibertel.com.ar","msg":"Error 4044"}
{"level":50,"time":1679880631795,"pid":2958,"hostname":"iMacdealejandro.fibertel.com.ar","msg":"Error 4044"}
{"level":50,"time":1679880633744,"pid":2958,"hostname":"iMacdealejandro.fibertel.com.ar","msg":"Error 4044"}
{"level":50,"time":1679880636158,"pid":2958,"hostname":"iMacdealejandro.fibertel.com.ar","msg":"Error 4044"}
{"level":50,"time":1679880785323,"pid":2987,"hostname":"iMacdealejandro.fibertel.com.ar","msg":"Error 4044"}
{"level":50,"time":1679880785501,"pid":2987,"hostname":"iMacdealejandro.fibertel.com.ar","msg":"Error 4044"}
{"level":50,"time":1679880789691,"pid":2987,"hostname":"iMacdealejandro.fibertel.com.ar","msg":"Error 4044"}
{"level":50,"time":1679880802059,"pid":2987,"hostname":"iMacdealejandro.fibertel.com.ar","msg":"Error 4044"}
{"level":50,"time":1679880806285,"pid":2987,"hostname":"iMacdealejandro.fibertel.com.ar","msg":"Error 4044"}
{"level":50,"time":1679880809370,"pid":2987,"hostname":"iMacdealejandro.fibertel.com.ar","msg":"Error 4044"}
{"level":50,"time":1679881041571,"pid":3034,"hostname":"iMacdealejandro.fibertel.com.ar","msg":"Error 4044"}
{"level":50,"time":1679881042317,"pid":3034,"hostname":"iMacdealejandro.fibertel.com.ar","msg":"Error 4044"}
{"level":50,"time":1679881046447,"pid":3034,"hostname":"iMacdealejandro.fibertel.com.ar","msg":"Error 4044"}
{"level":50,"time":1679881047854,"pid":3034,"hostname":"iMacdealejandro.fibertel.com.ar","msg":"Error 4044"}
{"level":50,"time":1679881049305,"pid":3034,"hostname":"iMacdealejandro.fibertel.com.ar","msg":"Error 4044"}
{"level":50,"time":1679881051115,"pid":3034,"hostname":"iMacdealejandro.fibertel.com.ar","msg":"Error 4044"}
{"level":50,"time":1679882051422,"pid":3135,"hostname":"iMacdealejandro.fibertel.com.ar","msg":"Error 4044"}
{"level":50,"time":1679882052609,"pid":3135,"hostname":"iMacdealejandro.fibertel.com.ar","msg":"Error 4044"}
{"level":50,"time":1679882056536,"pid":3135,"hostname":"iMacdealejandro.fibertel.com.ar","msg":"Error 4044"}
{"level":50,"time":1679882056623,"pid":3135,"hostname":"iMacdealejandro.fibertel.com.ar","msg":"Error 4044"}
{"level":50,"time":1679882059173,"pid":3135,"hostname":"iMacdealejandro.fibertel.com.ar","msg":"Error 4044"}
{"level":50,"time":1679882059187,"pid":3135,"hostname":"iMacdealejandro.fibertel.com.ar","msg":"Error 4044"}
{"level":50,"time":1679882251873,"pid":3199,"hostname":"iMacdealejandro.fibertel.com.ar","msg":"Error 4044"}
{"level":50,"time":1679882255281,"pid":3199,"hostname":"iMacdealejandro.fibertel.com.ar","msg":"Error 4044"}
{"level":50,"time":1679882260546,"pid":3199,"hostname":"iMacdealejandro.fibertel.com.ar","msg":"Error 4044"}
{"level":50,"time":1679882303005,"pid":3233,"hostname":"iMacdealejandro.fibertel.com.ar","msg":"Error 4044"}
{"level":50,"time":1679882303372,"pid":3233,"hostname":"iMacdealejandro.fibertel.com.ar","msg":"Error 4044"}
{"level":50,"time":1679882308753,"pid":3233,"hostname":"iMacdealejandro.fibertel.com.ar","msg":"Error 4044"}
{"level":50,"time":1679882310027,"pid":3233,"hostname":"iMacdealejandro.fibertel.com.ar","msg":"Error 4044"}
{"level":50,"time":1679882311183,"pid":3233,"hostname":"iMacdealejandro.fibertel.com.ar","msg":"Error 4044"}
{"level":50,"time":1679882312368,"pid":3233,"hostname":"iMacdealejandro.fibertel.com.ar","msg":"Error 4044"}
{"level":50,"time":1679882315071,"pid":3233,"hostname":"iMacdealejandro.fibertel.com.ar","msg":"Error 4044"}
{"level":50,"time":1679882412276,"pid":3233,"hostname":"iMacdealejandro.fibertel.com.ar","msg":"Error 4044"}
{"level":50,"time":1679882412296,"pid":3233,"hostname":"iMacdealejandro.fibertel.com.ar","msg":"Error 4044"}
{"level":50,"time":1680024020879,"pid":1501,"hostname":"iMacdealejandro.fibertel.com.ar","msg":"Error 4044"}
{"level":50,"time":1680024024738,"pid":1501,"hostname":"iMacdealejandro.fibertel.com.ar","msg":"Error 4044"}
{"level":50,"time":1680024026059,"pid":1501,"hostname":"iMacdealejandro.fibertel.com.ar","msg":"Error 4044"}
{"level":50,"time":1680024032954,"pid":1501,"hostname":"iMacdealejandro.fibertel.com.ar","msg":"Error 4044"}
{"level":50,"time":1680024035030,"pid":1501,"hostname":"iMacdealejandro.fibertel.com.ar","msg":"Error 4044"}
{"level":50,"time":1680024036692,"pid":1501,"hostname":"iMacdealejandro.fibertel.com.ar","msg":"Error 4044"}
{"level":50,"time":1680024057608,"pid":1501,"hostname":"iMacdealejandro.fibertel.com.ar","msg":"Error 4044"}
{"level":50,"time":1680024060214,"pid":1501,"hostname":"iMacdealejandro.fibertel.com.ar","msg":"Error 4044"}
{"level":50,"time":1680024076582,"pid":1501,"hostname":"iMacdealejandro.fibertel.com.ar","msg":"Error 4044"}
{"level":50,"time":1680024080434,"pid":1501,"hostname":"iMacdealejandro.fibertel.com.ar","msg":"Error 4044"}
{"level":50,"time":1680024320715,"pid":1501,"hostname":"iMacdealejandro.fibertel.com.ar","msg":"Error 4044"}
{"level":50,"time":1680024320729,"pid":1501,"hostname":"iMacdealejandro.fibertel.com.ar","msg":"Error 4044"}
{"level":50,"time":1680024360894,"pid":1501,"hostname":"iMacdealejandro.fibertel.com.ar","msg":"Error 4044"}
{"level":50,"time":1680024392933,"pid":1501,"hostname":"iMacdealejandro.fibertel.com.ar","msg":"Error 4044"}
{"level":50,"time":1680024474841,"pid":1501,"hostname":"iMacdealejandro.fibertel.com.ar","msg":"Error 4044"}
{"level":50,"time":1680024474859,"pid":1501,"hostname":"iMacdealejandro.fibertel.com.ar","msg":"Error 4044"}
{"level":50,"time":1680057357779,"pid":2330,"hostname":"iMacdealejandro.fibertel.com.ar","msg":"Error 4044"}
{"level":50,"time":1680057358828,"pid":2330,"hostname":"iMacdealejandro.fibertel.com.ar","msg":"Error 4044"}
{"level":50,"time":1680057363751,"pid":2330,"hostname":"iMacdealejandro.fibertel.com.ar","msg":"Error 4044"}
{"level":50,"time":1680057365282,"pid":2330,"hostname":"iMacdealejandro.fibertel.com.ar","msg":"Error 4044"}
{"level":50,"time":1680057366645,"pid":2330,"hostname":"iMacdealejandro.fibertel.com.ar","msg":"Error 4044"}
{"level":50,"time":1680057383598,"pid":2330,"hostname":"iMacdealejandro.fibertel.com.ar","msg":"Error 4044"}
{"level":50,"time":1680057386210,"pid":2330,"hostname":"iMacdealejandro.fibertel.com.ar","msg":"Error 4044"}
{"level":50,"time":1680057394367,"pid":2330,"hostname":"iMacdealejandro.fibertel.com.ar","msg":"Error 4044"}
{"level":50,"time":1680057394384,"pid":2330,"hostname":"iMacdealejandro.fibertel.com.ar","msg":"Error 4044"}
{"level":50,"time":1680804465330,"pid":1723,"hostname":"iMacdealejandro.fibertel.com.ar","msg":"Error 4044"}
{"level":50,"time":1680804465752,"pid":1723,"hostname":"iMacdealejandro.fibertel.com.ar","msg":"Error 4044"}
{"level":50,"time":1680804472125,"pid":1723,"hostname":"iMacdealejandro.fibertel.com.ar","msg":"Error 4044"}
{"level":50,"time":1680804479290,"pid":1723,"hostname":"iMacdealejandro.fibertel.com.ar","msg":"Error 4044"}
{"level":50,"time":1680804513462,"pid":1723,"hostname":"iMacdealejandro.fibertel.com.ar","msg":"Error 4044"}
{"level":50,"time":1680804515363,"pid":1723,"hostname":"iMacdealejandro.fibertel.com.ar","msg":"Error 4044"}
{"level":50,"time":1680804515377,"pid":1723,"hostname":"iMacdealejandro.fibertel.com.ar","msg":"Error 4044"}
{"level":50,"time":1680889966827,"pid":1429,"hostname":"iMacdealejandro.fibertel.com.ar","msg":"Error 4044"}
{"level":50,"time":1680889966882,"pid":1429,"hostname":"iMacdealejandro.fibertel.com.ar","msg":"Error 4044"}
{"level":50,"time":1680889972412,"pid":1429,"hostname":"iMacdealejandro.fibertel.com.ar","msg":"Error 4044"}
{"level":50,"time":1680889975486,"pid":1429,"hostname":"iMacdealejandro.fibertel.com.ar","msg":"Error 4044"}
{"level":50,"time":1680890053789,"pid":1490,"hostname":"iMacdealejandro.fibertel.com.ar","msg":"Error 4044"}
{"level":50,"time":1680890053828,"pid":1490,"hostname":"iMacdealejandro.fibertel.com.ar","msg":"Error 4044"}
{"level":50,"time":1680890058378,"pid":1490,"hostname":"iMacdealejandro.fibertel.com.ar","msg":"Error 4044"}
{"level":50,"time":1680890059910,"pid":1490,"hostname":"iMacdealejandro.fibertel.com.ar","msg":"Error 4044"}
{"level":50,"time":1680890282681,"pid":1534,"hostname":"iMacdealejandro.fibertel.com.ar","msg":"Error 4044"}
{"level":50,"time":1680890283581,"pid":1534,"hostname":"iMacdealejandro.fibertel.com.ar","msg":"Error 4044"}
{"level":50,"time":1680890288730,"pid":1534,"hostname":"iMacdealejandro.fibertel.com.ar","msg":"Error 4044"}
{"level":50,"time":1680890291295,"pid":1534,"hostname":"iMacdealejandro.fibertel.com.ar","msg":"Error 4044"}
{"level":50,"time":1680890484539,"pid":1577,"hostname":"iMacdealejandro.fibertel.com.ar","msg":"Error 4044"}
{"level":50,"time":1680890484991,"pid":1577,"hostname":"iMacdealejandro.fibertel.com.ar","msg":"Error 4044"}
{"level":50,"time":1680890492282,"pid":1577,"hostname":"iMacdealejandro.fibertel.com.ar","msg":"Error 4044"}
{"level":50,"time":1680890494163,"pid":1577,"hostname":"iMacdealejandro.fibertel.com.ar","msg":"Error 4044"}
{"level":50,"time":1680890555013,"pid":1607,"hostname":"iMacdealejandro.fibertel.com.ar","msg":"Error 4044"}
{"level":50,"time":1680890555422,"pid":1607,"hostname":"iMacdealejandro.fibertel.com.ar","msg":"Error 4044"}
{"level":50,"time":1680890560008,"pid":1607,"hostname":"iMacdealejandro.fibertel.com.ar","msg":"Error 4044"}
{"level":50,"time":1680890561287,"pid":1607,"hostname":"iMacdealejandro.fibertel.com.ar","msg":"Error 4044"}
{"level":50,"time":1680892535604,"pid":1747,"hostname":"iMacdealejandro.fibertel.com.ar","msg":"Error 4044"}
{"level":50,"time":1680892536021,"pid":1747,"hostname":"iMacdealejandro.fibertel.com.ar","msg":"Error 4044"}
{"level":50,"time":1680892540949,"pid":1747,"hostname":"iMacdealejandro.fibertel.com.ar","msg":"Error 4044"}
{"level":50,"time":1680892542587,"pid":1747,"hostname":"iMacdealejandro.fibertel.com.ar","msg":"Error 4044"}
{"level":50,"time":1680892665717,"pid":1790,"hostname":"iMacdealejandro.fibertel.com.ar","msg":"Error 4044"}
{"level":50,"time":1680892665803,"pid":1790,"hostname":"iMacdealejandro.fibertel.com.ar","msg":"Error 4044"}
{"level":50,"time":1680892671071,"pid":1790,"hostname":"iMacdealejandro.fibertel.com.ar","msg":"Error 4044"}
{"level":50,"time":1680892672449,"pid":1790,"hostname":"iMacdealejandro.fibertel.com.ar","msg":"Error 4044"}
{"level":50,"time":1680892728017,"pid":1824,"hostname":"iMacdealejandro.fibertel.com.ar","msg":"Error 4044"}
{"level":50,"time":1680892728684,"pid":1824,"hostname":"iMacdealejandro.fibertel.com.ar","msg":"Error 4044"}
{"level":50,"time":1680892733426,"pid":1824,"hostname":"iMacdealejandro.fibertel.com.ar","msg":"Error 4044"}
{"level":50,"time":1680892735048,"pid":1824,"hostname":"iMacdealejandro.fibertel.com.ar","msg":"Error 4044"}
{"level":50,"time":1680892736285,"pid":1824,"hostname":"iMacdealejandro.fibertel.com.ar","msg":"Error 4044"}
{"level":50,"time":1680892745587,"pid":1824,"hostname":"iMacdealejandro.fibertel.com.ar","msg":"Error 4044"}
{"level":50,"time":1680892748536,"pid":1824,"hostname":"iMacdealejandro.fibertel.com.ar","msg":"Error 4044"}
{"level":50,"time":1680892748550,"pid":1824,"hostname":"iMacdealejandro.fibertel.com.ar","msg":"Error 4044"}
{"level":50,"time":1680892830622,"pid":1851,"hostname":"iMacdealejandro.fibertel.com.ar","msg":"Error 4044"}
{"level":50,"time":1680892832592,"pid":1851,"hostname":"iMacdealejandro.fibertel.com.ar","msg":"Error 4044"}
{"level":50,"time":1680892833709,"pid":1851,"hostname":"iMacdealejandro.fibertel.com.ar","msg":"Error 4044"}
{"level":50,"time":1680892837007,"pid":1851,"hostname":"iMacdealejandro.fibertel.com.ar","msg":"Error 4044"}
{"level":50,"time":1680892840142,"pid":1851,"hostname":"iMacdealejandro.fibertel.com.ar","msg":"Error 4044"}
{"level":50,"time":1680892840157,"pid":1851,"hostname":"iMacdealejandro.fibertel.com.ar","msg":"Error 4044"}
{"level":50,"time":1680894598978,"pid":2030,"hostname":"iMacdealejandro.fibertel.com.ar","msg":"Error 4044"}
{"level":50,"time":1680894600526,"pid":2030,"hostname":"iMacdealejandro.fibertel.com.ar","msg":"Error 4044"}
{"level":50,"time":1680894608515,"pid":2030,"hostname":"iMacdealejandro.fibertel.com.ar","msg":"Error 4044"}
{"level":50,"time":1680894610589,"pid":2030,"hostname":"iMacdealejandro.fibertel.com.ar","msg":"Error 4044"}
{"level":50,"time":1680894653059,"pid":2030,"hostname":"iMacdealejandro.fibertel.com.ar","msg":"Error 4044"}
{"level":50,"time":1680894654501,"pid":2030,"hostname":"iMacdealejandro.fibertel.com.ar","msg":"Error 4044"}
{"level":50,"time":1680894722218,"pid":2061,"hostname":"iMacdealejandro.fibertel.com.ar","msg":"Error 4044"}
{"level":50,"time":1680894722246,"pid":2061,"hostname":"iMacdealejandro.fibertel.com.ar","msg":"Error 4044"}
{"level":50,"time":1680894727422,"pid":2061,"hostname":"iMacdealejandro.fibertel.com.ar","msg":"Error 4044"}
{"level":50,"time":1680894728992,"pid":2061,"hostname":"iMacdealejandro.fibertel.com.ar","msg":"Error 4044"}
{"level":50,"time":1680894740245,"pid":2061,"hostname":"iMacdealejandro.fibertel.com.ar","msg":"Error 4044"}
{"level":50,"time":1680894879314,"pid":2086,"hostname":"iMacdealejandro.fibertel.com.ar","msg":"Error 4044"}
{"level":50,"time":1680894879635,"pid":2086,"hostname":"iMacdealejandro.fibertel.com.ar","msg":"Error 4044"}
{"level":50,"time":1680894884128,"pid":2086,"hostname":"iMacdealejandro.fibertel.com.ar","msg":"Error 4044"}
{"level":50,"time":1680894886225,"pid":2086,"hostname":"iMacdealejandro.fibertel.com.ar","msg":"Error 4044"}
{"level":50,"time":1680894896685,"pid":2086,"hostname":"iMacdealejandro.fibertel.com.ar","msg":"Error 4044"}
{"level":50,"time":1680895474099,"pid":2133,"hostname":"iMacdealejandro.fibertel.com.ar","msg":"Error 4044"}
{"level":50,"time":1680895474291,"pid":2133,"hostname":"iMacdealejandro.fibertel.com.ar","msg":"Error 4044"}
{"level":50,"time":1680895479104,"pid":2133,"hostname":"iMacdealejandro.fibertel.com.ar","msg":"Error 4044"}
{"level":50,"time":1680895480447,"pid":2133,"hostname":"iMacdealejandro.fibertel.com.ar","msg":"Error 4044"}
{"level":50,"time":1680895491244,"pid":2133,"hostname":"iMacdealejandro.fibertel.com.ar","msg":"Error 4044"}
{"level":50,"time":1680895606729,"pid":2133,"hostname":"iMacdealejandro.fibertel.com.ar","msg":"Error 4044"}
{"level":50,"time":1680895606752,"pid":2133,"hostname":"iMacdealejandro.fibertel.com.ar","msg":"Error 4044"}
{"level":50,"time":1680895609575,"pid":2133,"hostname":"iMacdealejandro.fibertel.com.ar","msg":"Error 4044"}
{"level":50,"time":1680895609589,"pid":2133,"hostname":"iMacdealejandro.fibertel.com.ar","msg":"Error 4044"}
{"level":50,"time":1680895631098,"pid":2133,"hostname":"iMacdealejandro.fibertel.com.ar","msg":"Error 4044"}
{"level":50,"time":1680895690543,"pid":2133,"hostname":"iMacdealejandro.fibertel.com.ar","msg":"Error 4044"}
{"level":50,"time":1680895690556,"pid":2133,"hostname":"iMacdealejandro.fibertel.com.ar","msg":"Error 4044"}
{"level":50,"time":1680895804451,"pid":2180,"hostname":"iMacdealejandro.fibertel.com.ar","msg":"Error 4044"}
{"level":50,"time":1680895805904,"pid":2180,"hostname":"iMacdealejandro.fibertel.com.ar","msg":"Error 4044"}
{"level":50,"time":1680895812758,"pid":2180,"hostname":"iMacdealejandro.fibertel.com.ar","msg":"Error 4044"}
{"level":50,"time":1680895817827,"pid":2180,"hostname":"iMacdealejandro.fibertel.com.ar","msg":"Error 4044"}
{"level":50,"time":1680903704005,"pid":2499,"hostname":"iMacdealejandro.fibertel.com.ar","msg":"Error 4044"}
{"level":50,"time":1680903704297,"pid":2499,"hostname":"iMacdealejandro.fibertel.com.ar","msg":"Error 4044"}
{"level":50,"time":1680903709730,"pid":2499,"hostname":"iMacdealejandro.fibertel.com.ar","msg":"Error 4044"}
{"level":50,"time":1680903711060,"pid":2499,"hostname":"iMacdealejandro.fibertel.com.ar","msg":"Error 4044"}
{"level":50,"time":1680903718458,"pid":2499,"hostname":"iMacdealejandro.fibertel.com.ar","msg":"Error 4044"}
{"level":50,"time":1680903827706,"pid":2526,"hostname":"iMacdealejandro.fibertel.com.ar","msg":"Error 4044"}
{"level":50,"time":1680903827834,"pid":2526,"hostname":"iMacdealejandro.fibertel.com.ar","msg":"Error 4044"}
{"level":50,"time":1680903832057,"pid":2526,"hostname":"iMacdealejandro.fibertel.com.ar","msg":"Error 4044"}
{"level":50,"time":1680903833620,"pid":2526,"hostname":"iMacdealejandro.fibertel.com.ar","msg":"Error 4044"}
{"level":50,"time":1680903842809,"pid":2526,"hostname":"iMacdealejandro.fibertel.com.ar","msg":"Error 4044"}
{"level":50,"time":1680903856908,"pid":2526,"hostname":"iMacdealejandro.fibertel.com.ar","msg":"Error 4044"}
{"level":50,"time":1680906209903,"pid":2526,"hostname":"iMacdealejandro.fibertel.com.ar","msg":"Error 4044"}
{"level":50,"time":1680906209918,"pid":2526,"hostname":"iMacdealejandro.fibertel.com.ar","msg":"Error 4044"}
{"level":50,"time":1680906519377,"pid":2668,"hostname":"iMacdealejandro.fibertel.com.ar","msg":"Error 4044"}
{"level":50,"time":1680906520903,"pid":2668,"hostname":"iMacdealejandro.fibertel.com.ar","msg":"Error 4044"}
{"level":50,"time":1680906531617,"pid":2668,"hostname":"iMacdealejandro.fibertel.com.ar","msg":"Error 4044"}
{"level":50,"time":1680906533886,"pid":2668,"hostname":"iMacdealejandro.fibertel.com.ar","msg":"Error 4044"}
{"level":50,"time":1680906687020,"pid":2716,"hostname":"iMacdealejandro.fibertel.com.ar","msg":"Error 4044"}
{"level":50,"time":1680906687045,"pid":2716,"hostname":"iMacdealejandro.fibertel.com.ar","msg":"Error 4044"}
{"level":50,"time":1680906959093,"pid":2788,"hostname":"iMacdealejandro.fibertel.com.ar","msg":"Error 4044"}
{"level":50,"time":1680906963511,"pid":2788,"hostname":"iMacdealejandro.fibertel.com.ar","msg":"Error 4044"}
{"level":50,"time":1680906965067,"pid":2788,"hostname":"iMacdealejandro.fibertel.com.ar","msg":"Error 4044"}
{"level":50,"time":1680906966578,"pid":2788,"hostname":"iMacdealejandro.fibertel.com.ar","msg":"Error 4044"}
{"level":50,"time":1680906969185,"pid":2788,"hostname":"iMacdealejandro.fibertel.com.ar","msg":"Error 4044"}
{"level":50,"time":1680907025761,"pid":2832,"hostname":"iMacdealejandro.fibertel.com.ar","msg":"Error 4044"}
{"level":50,"time":1680907026196,"pid":2832,"hostname":"iMacdealejandro.fibertel.com.ar","msg":"Error 4044"}
{"level":50,"time":1680907031436,"pid":2832,"hostname":"iMacdealejandro.fibertel.com.ar","msg":"Error 4044"}
{"level":50,"time":1680907033283,"pid":2832,"hostname":"iMacdealejandro.fibertel.com.ar","msg":"Error 4044"}
{"level":50,"time":1680907034435,"pid":2832,"hostname":"iMacdealejandro.fibertel.com.ar","msg":"Error 4044"}
{"level":50,"time":1680907035625,"pid":2832,"hostname":"iMacdealejandro.fibertel.com.ar","msg":"Error 4044"}
{"level":50,"time":1680907038241,"pid":2832,"hostname":"iMacdealejandro.fibertel.com.ar","msg":"Error 4044"}
{"level":50,"time":1680907107173,"pid":2867,"hostname":"iMacdealejandro.fibertel.com.ar","msg":"Error 4044"}
{"level":50,"time":1680907107199,"pid":2867,"hostname":"iMacdealejandro.fibertel.com.ar","msg":"Error 4044"}
{"level":50,"time":1680907112119,"pid":2867,"hostname":"iMacdealejandro.fibertel.com.ar","msg":"Error 4044"}
{"level":50,"time":1680907113121,"pid":2867,"hostname":"iMacdealejandro.fibertel.com.ar","msg":"Error 4044"}
{"level":50,"time":1680907114088,"pid":2867,"hostname":"iMacdealejandro.fibertel.com.ar","msg":"Error 4044"}
{"level":50,"time":1680907115519,"pid":2867,"hostname":"iMacdealejandro.fibertel.com.ar","msg":"Error 4044"}
{"level":50,"time":1680907118163,"pid":2867,"hostname":"iMacdealejandro.fibertel.com.ar","msg":"Error 4044"}
{"level":50,"time":1680907214572,"pid":2901,"hostname":"iMacdealejandro.fibertel.com.ar","msg":"Error 4044"}
{"level":50,"time":1680907214599,"pid":2901,"hostname":"iMacdealejandro.fibertel.com.ar","msg":"Error 4044"}
{"level":50,"time":1680907319829,"pid":2937,"hostname":"iMacdealejandro.fibertel.com.ar","msg":"Error 4044"}
{"level":50,"time":1680907321438,"pid":2937,"hostname":"iMacdealejandro.fibertel.com.ar","msg":"Error 4044"}
{"level":50,"time":1680907323444,"pid":2937,"hostname":"iMacdealejandro.fibertel.com.ar","msg":"Error 4044"}
{"level":50,"time":1680907325429,"pid":2937,"hostname":"iMacdealejandro.fibertel.com.ar","msg":"Error 4044"}
{"level":50,"time":1680907328030,"pid":2937,"hostname":"iMacdealejandro.fibertel.com.ar","msg":"Error 4044"}
{"level":50,"time":1680907390281,"pid":2958,"hostname":"iMacdealejandro.fibertel.com.ar","msg":"Error 4044"}
{"level":50,"time":1680907390305,"pid":2958,"hostname":"iMacdealejandro.fibertel.com.ar","msg":"Error 4044"}
{"level":50,"time":1680907394294,"pid":2958,"hostname":"iMacdealejandro.fibertel.com.ar","msg":"Error 4044"}
{"level":50,"time":1680907395876,"pid":2958,"hostname":"iMacdealejandro.fibertel.com.ar","msg":"Error 4044"}
{"level":50,"time":1680907397077,"pid":2958,"hostname":"iMacdealejandro.fibertel.com.ar","msg":"Error 4044"}
{"level":50,"time":1680907399495,"pid":2958,"hostname":"iMacdealejandro.fibertel.com.ar","msg":"Error 4044"}
{"level":50,"time":1680907402109,"pid":2958,"hostname":"iMacdealejandro.fibertel.com.ar","msg":"Error 4044"}
{"level":50,"time":1680907449095,"pid":2979,"hostname":"iMacdealejandro.fibertel.com.ar","msg":"Error 4044"}
{"level":50,"time":1680907449119,"pid":2979,"hostname":"iMacdealejandro.fibertel.com.ar","msg":"Error 4044"}
{"level":50,"time":1680907455878,"pid":2979,"hostname":"iMacdealejandro.fibertel.com.ar","msg":"Error 4044"}
{"level":50,"time":1680907459054,"pid":2979,"hostname":"iMacdealejandro.fibertel.com.ar","msg":"Error 4044"}
{"level":50,"time":1680907460324,"pid":2979,"hostname":"iMacdealejandro.fibertel.com.ar","msg":"Error 4044"}
{"level":50,"time":1680907462015,"pid":2979,"hostname":"iMacdealejandro.fibertel.com.ar","msg":"Error 4044"}
{"level":50,"time":1680907464616,"pid":2979,"hostname":"iMacdealejandro.fibertel.com.ar","msg":"Error 4044"}
{"level":50,"time":1680907476578,"pid":2979,"hostname":"iMacdealejandro.fibertel.com.ar","msg":"Error 4044"}
{"level":50,"time":1680907476595,"pid":2979,"hostname":"iMacdealejandro.fibertel.com.ar","msg":"Error 4044"}
{"level":50,"time":1680907546868,"pid":3042,"hostname":"iMacdealejandro.fibertel.com.ar","msg":"Error 4044"}
{"level":50,"time":1680907547995,"pid":3042,"hostname":"iMacdealejandro.fibertel.com.ar","msg":"Error 4044"}
{"level":50,"time":1680907549056,"pid":3042,"hostname":"iMacdealejandro.fibertel.com.ar","msg":"Error 4044"}
{"level":50,"time":1680907562183,"pid":3042,"hostname":"iMacdealejandro.fibertel.com.ar","msg":"Error 4044"}
{"level":50,"time":1680907565661,"pid":3042,"hostname":"iMacdealejandro.fibertel.com.ar","msg":"Error 4044"}
{"level":50,"time":1680907565676,"pid":3042,"hostname":"iMacdealejandro.fibertel.com.ar","msg":"Error 4044"}
{"level":50,"time":1680907639278,"pid":3077,"hostname":"iMacdealejandro.fibertel.com.ar","msg":"Error 4044"}
{"level":50,"time":1680907640835,"pid":3077,"hostname":"iMacdealejandro.fibertel.com.ar","msg":"Error 4044"}
{"level":50,"time":1680907641888,"pid":3077,"hostname":"iMacdealejandro.fibertel.com.ar","msg":"Error 4044"}
{"level":50,"time":1680907643930,"pid":3077,"hostname":"iMacdealejandro.fibertel.com.ar","msg":"Error 4044"}
{"level":50,"time":1680907645426,"pid":3077,"hostname":"iMacdealejandro.fibertel.com.ar","msg":"Error 4044"}
{"level":50,"time":1680907658722,"pid":3077,"hostname":"iMacdealejandro.fibertel.com.ar","msg":"Error 4044"}
{"level":50,"time":1680907660124,"pid":3077,"hostname":"iMacdealejandro.fibertel.com.ar","msg":"Error 4044"}
{"level":50,"time":1680907682141,"pid":3077,"hostname":"iMacdealejandro.fibertel.com.ar","msg":"Error 4044"}
{"level":50,"time":1680907683728,"pid":3077,"hostname":"iMacdealejandro.fibertel.com.ar","msg":"Error 4044"}
{"level":50,"time":1680907683741,"pid":3077,"hostname":"iMacdealejandro.fibertel.com.ar","msg":"Error 4044"}
{"level":50,"time":1680908792729,"pid":3232,"hostname":"iMacdealejandro.fibertel.com.ar","msg":"Error 4044"}
{"level":50,"time":1680908793367,"pid":3232,"hostname":"iMacdealejandro.fibertel.com.ar","msg":"Error 4044"}
{"level":50,"time":1680908798154,"pid":3232,"hostname":"iMacdealejandro.fibertel.com.ar","msg":"Error 4044"}
{"level":50,"time":1680908799593,"pid":3232,"hostname":"iMacdealejandro.fibertel.com.ar","msg":"Error 4044"}
{"level":50,"time":1680908809086,"pid":3232,"hostname":"iMacdealejandro.fibertel.com.ar","msg":"Error 4044"}
{"level":50,"time":1680908810744,"pid":3232,"hostname":"iMacdealejandro.fibertel.com.ar","msg":"Error 4044"}
{"level":50,"time":1680908814879,"pid":3232,"hostname":"iMacdealejandro.fibertel.com.ar","msg":"Error 4044"}
{"level":50,"time":1680908817482,"pid":3232,"hostname":"iMacdealejandro.fibertel.com.ar","msg":"Error 4044"}
{"level":50,"time":1680908836881,"pid":3232,"hostname":"iMacdealejandro.fibertel.com.ar","msg":"Error 4044"}
{"level":50,"time":1680908836895,"pid":3232,"hostname":"iMacdealejandro.fibertel.com.ar","msg":"Error 4044"}
{"level":50,"time":1680909026116,"pid":3293,"hostname":"iMacdealejandro.fibertel.com.ar","msg":"Error 4044"}
{"level":50,"time":1680909027668,"pid":3293,"hostname":"iMacdealejandro.fibertel.com.ar","msg":"Error 4044"}
{"level":50,"time":1680909038805,"pid":3293,"hostname":"iMacdealejandro.fibertel.com.ar","msg":"Error 4044"}
{"level":50,"time":1680909040044,"pid":3293,"hostname":"iMacdealejandro.fibertel.com.ar","msg":"Error 4044"}
{"level":50,"time":1680909043069,"pid":3293,"hostname":"iMacdealejandro.fibertel.com.ar","msg":"Error 4044"}
{"level":50,"time":1680909045666,"pid":3293,"hostname":"iMacdealejandro.fibertel.com.ar","msg":"Error 4044"}
{"level":50,"time":1680909048867,"pid":3293,"hostname":"iMacdealejandro.fibertel.com.ar","msg":"Error 4044"}
{"level":50,"time":1680909048883,"pid":3293,"hostname":"iMacdealejandro.fibertel.com.ar","msg":"Error 4044"}
{"level":50,"time":1680909650026,"pid":3372,"hostname":"iMacdealejandro.fibertel.com.ar","msg":"Error 4044"}
{"level":50,"time":1680909650642,"pid":3372,"hostname":"iMacdealejandro.fibertel.com.ar","msg":"Error 4044"}
{"level":50,"time":1680909655502,"pid":3372,"hostname":"iMacdealejandro.fibertel.com.ar","msg":"Error 4044"}
{"level":50,"time":1680909656642,"pid":3372,"hostname":"iMacdealejandro.fibertel.com.ar","msg":"Error 4044"}
{"level":50,"time":1680909657680,"pid":3372,"hostname":"iMacdealejandro.fibertel.com.ar","msg":"Error 4044"}
{"level":50,"time":1680909693190,"pid":3372,"hostname":"iMacdealejandro.fibertel.com.ar","msg":"Error 4044"}
{"level":50,"time":1680909700648,"pid":3372,"hostname":"iMacdealejandro.fibertel.com.ar","msg":"Error 4044"}
{"level":50,"time":1680909700660,"pid":3372,"hostname":"iMacdealejandro.fibertel.com.ar","msg":"Error 4044"}
{"level":50,"time":1680910567423,"pid":3372,"hostname":"iMacdealejandro.fibertel.com.ar","msg":"Error 4044"}
{"level":50,"time":1680910572321,"pid":3372,"hostname":"iMacdealejandro.fibertel.com.ar","msg":"Error 4044"}
{"level":50,"time":1680910572332,"pid":3372,"hostname":"iMacdealejandro.fibertel.com.ar","msg":"Error 4044"}
{"level":50,"time":1680917474457,"pid":3860,"hostname":"iMacdealejandro.fibertel.com.ar","msg":"Error 4044"}
{"level":50,"time":1680917476309,"pid":3860,"hostname":"iMacdealejandro.fibertel.com.ar","msg":"Error 4044"}
{"level":50,"time":1680917477622,"pid":3860,"hostname":"iMacdealejandro.fibertel.com.ar","msg":"Error 4044"}
{"level":50,"time":1680917479268,"pid":3860,"hostname":"iMacdealejandro.fibertel.com.ar","msg":"Error 4044"}
{"level":50,"time":1680917481869,"pid":3860,"hostname":"iMacdealejandro.fibertel.com.ar","msg":"Error 4044"}
{"level":50,"time":1680917530199,"pid":3884,"hostname":"iMacdealejandro.fibertel.com.ar","msg":"Error 4044"}
{"level":50,"time":1680917531014,"pid":3884,"hostname":"iMacdealejandro.fibertel.com.ar","msg":"Error 4044"}
{"level":50,"time":1680917636567,"pid":3910,"hostname":"iMacdealejandro.fibertel.com.ar","msg":"Error 4044"}
{"level":50,"time":1680917637895,"pid":3910,"hostname":"iMacdealejandro.fibertel.com.ar","msg":"Error 4044"}
{"level":50,"time":1680917639615,"pid":3910,"hostname":"iMacdealejandro.fibertel.com.ar","msg":"Error 4044"}
{"level":50,"time":1680917645600,"pid":3910,"hostname":"iMacdealejandro.fibertel.com.ar","msg":"Error 4044"}
{"level":50,"time":1680917648206,"pid":3910,"hostname":"iMacdealejandro.fibertel.com.ar","msg":"Error 4044"}
{"level":50,"time":1680917660508,"pid":3910,"hostname":"iMacdealejandro.fibertel.com.ar","msg":"Error 4044"}
{"level":50,"time":1680917660523,"pid":3910,"hostname":"iMacdealejandro.fibertel.com.ar","msg":"Error 4044"}
{"level":50,"time":1680917696661,"pid":3947,"hostname":"iMacdealejandro.fibertel.com.ar","msg":"Error 4044"}
{"level":50,"time":1680917700216,"pid":3947,"hostname":"iMacdealejandro.fibertel.com.ar","msg":"Error 4044"}
{"level":50,"time":1680917701597,"pid":3947,"hostname":"iMacdealejandro.fibertel.com.ar","msg":"Error 4044"}
{"level":50,"time":1680917708558,"pid":3947,"hostname":"iMacdealejandro.fibertel.com.ar","msg":"Error 4044"}
{"level":50,"time":1680917711169,"pid":3947,"hostname":"iMacdealejandro.fibertel.com.ar","msg":"Error 4044"}
{"level":50,"time":1680917748132,"pid":3967,"hostname":"iMacdealejandro.fibertel.com.ar","msg":"Error 4044"}
{"level":50,"time":1680917748156,"pid":3967,"hostname":"iMacdealejandro.fibertel.com.ar","msg":"Error 4044"}
